c:\sem2\ood\project3\project3\project3\client1\server1\debug\vc120.pdb
c:\sem2\ood\project3\project3\project3\client1\server1\debug\vc120.idb
c:\sem2\ood\project3\project3\project3\client1\server1\debug\apphelpers.obj
c:\sem2\ood\project3\project3\project3\client1\server1\debug\blockingqueue.obj
c:\sem2\ood\project3\project3\project3\client1\server1\debug\display.obj
c:\sem2\ood\project3\project3\project3\client1\server1\debug\filesystem.obj
c:\sem2\ood\project3\project3\project3\client1\server1\debug\message.obj
c:\sem2\ood\project3\project3\project3\client1\server1\debug\receiver.obj
c:\sem2\ood\project3\project3\project3\client1\server1\debug\sender.obj
c:\sem2\ood\project3\project3\project3\client1\server1\debug\sockets.obj
c:\sem2\ood\project3\project3\project3\client1\server1\debug\server1.obj
c:\sem2\ood\project3\project3\project3\client1\debug\server1.ilk
c:\sem2\ood\project3\project3\project3\client1\debug\server1.exe
c:\sem2\ood\project3\project3\project3\client1\debug\server1.pdb
c:\sem2\ood\project3\project3\project3\client1\server1\debug\server1.tlog\cl.command.1.tlog
c:\sem2\ood\project3\project3\project3\client1\server1\debug\server1.tlog\cl.read.1.tlog
c:\sem2\ood\project3\project3\project3\client1\server1\debug\server1.tlog\cl.write.1.tlog
c:\sem2\ood\project3\project3\project3\client1\server1\debug\server1.tlog\link.command.1.tlog
c:\sem2\ood\project3\project3\project3\client1\server1\debug\server1.tlog\link.read.1.tlog
c:\sem2\ood\project3\project3\project3\client1\server1\debug\server1.tlog\link.write.1.tlog
