d:\project4\clientgui-wpf\mockchannel\debug\vc120.pdb
d:\project4\clientgui-wpf\mockchannel\debug\vc120.idb
d:\project4\clientgui-wpf\mockchannel\debug\apphelpers.obj
d:\project4\clientgui-wpf\mockchannel\debug\blockingqueue.obj
d:\project4\clientgui-wpf\mockchannel\debug\client1.obj
d:\project4\clientgui-wpf\mockchannel\debug\display.obj
d:\project4\clientgui-wpf\mockchannel\debug\filesystem.obj
d:\project4\clientgui-wpf\mockchannel\debug\message.obj
d:\project4\clientgui-wpf\mockchannel\debug\receiver.obj
d:\project4\clientgui-wpf\mockchannel\debug\sender.obj
d:\project4\clientgui-wpf\mockchannel\debug\sockets.obj
d:\project4\clientgui-wpf\mockchannel\debug\mockchannel.obj
d:\project4\clientgui-wpf\debug\mockchannel.ilk
d:\project4\clientgui-wpf\debug\mockchannel.dll
d:\project4\clientgui-wpf\debug\mockchannel.pdb
d:\project4\clientgui-wpf\debug\mockchannel.lib
d:\project4\clientgui-wpf\debug\mockchannel.exp
d:\project4\clientgui-wpf\mockchannel\debug\mockchannel.tlog\cl.command.1.tlog
d:\project4\clientgui-wpf\mockchannel\debug\mockchannel.tlog\cl.read.1.tlog
d:\project4\clientgui-wpf\mockchannel\debug\mockchannel.tlog\cl.write.1.tlog
d:\project4\clientgui-wpf\mockchannel\debug\mockchannel.tlog\link.command.1.tlog
d:\project4\clientgui-wpf\mockchannel\debug\mockchannel.tlog\link.read.1.tlog
d:\project4\clientgui-wpf\mockchannel\debug\mockchannel.tlog\link.write.1.tlog
d:\project4\clientgui-wpf\mockchannel\debug\mockchannel.tlog\mockchannel.write.1u.tlog
