d:\project4\clientgui-wpf\executive\debug\vc120.pdb
d:\project4\clientgui-wpf\executive\debug\vc120.idb
d:\project4\clientgui-wpf\executive\debug\apphelpers.obj
d:\project4\clientgui-wpf\executive\debug\blockingqueue.obj
d:\project4\clientgui-wpf\executive\debug\client1.obj
d:\project4\clientgui-wpf\executive\debug\display.obj
d:\project4\clientgui-wpf\executive\debug\filesystem.obj
d:\project4\clientgui-wpf\executive\debug\message.obj
d:\project4\clientgui-wpf\executive\debug\receiver.obj
d:\project4\clientgui-wpf\executive\debug\sender.obj
d:\project4\clientgui-wpf\executive\debug\server1.obj
d:\project4\clientgui-wpf\executive\debug\sockets.obj
d:\project4\clientgui-wpf\executive\debug\windowshelpers.obj
d:\project4\clientgui-wpf\executive\debug\executive.obj
d:\project4\clientgui-wpf\debug\executive.ilk
d:\project4\clientgui-wpf\debug\executive.exe
d:\project4\clientgui-wpf\debug\executive.pdb
d:\project4\clientgui-wpf\executive\debug\executive.tlog\cl.command.1.tlog
d:\project4\clientgui-wpf\executive\debug\executive.tlog\cl.read.1.tlog
d:\project4\clientgui-wpf\executive\debug\executive.tlog\cl.write.1.tlog
d:\project4\clientgui-wpf\executive\debug\executive.tlog\link.command.1.tlog
d:\project4\clientgui-wpf\executive\debug\executive.tlog\link.read.1.tlog
d:\project4\clientgui-wpf\executive\debug\executive.tlog\link.write.1.tlog
