d:\project4\clientgui-wpf\receiver\debug\vc120.pdb
d:\project4\clientgui-wpf\receiver\debug\vc120.idb
d:\project4\clientgui-wpf\receiver\debug\apphelpers.obj
d:\project4\clientgui-wpf\receiver\debug\blockingqueue.obj
d:\project4\clientgui-wpf\receiver\debug\client1.obj
d:\project4\clientgui-wpf\receiver\debug\display.obj
d:\project4\clientgui-wpf\receiver\debug\filesystem.obj
d:\project4\clientgui-wpf\receiver\debug\message.obj
d:\project4\clientgui-wpf\receiver\debug\sender.obj
d:\project4\clientgui-wpf\receiver\debug\sockets.obj
d:\project4\clientgui-wpf\receiver\debug\receiver.obj
d:\project4\clientgui-wpf\debug\receiver.ilk
d:\project4\clientgui-wpf\debug\receiver.exe
d:\project4\clientgui-wpf\debug\receiver.pdb
d:\project4\clientgui-wpf\receiver\debug\receiver.tlog\cl.command.1.tlog
d:\project4\clientgui-wpf\receiver\debug\receiver.tlog\cl.read.1.tlog
d:\project4\clientgui-wpf\receiver\debug\receiver.tlog\cl.write.1.tlog
d:\project4\clientgui-wpf\receiver\debug\receiver.tlog\link.command.1.tlog
d:\project4\clientgui-wpf\receiver\debug\receiver.tlog\link.read.1.tlog
d:\project4\clientgui-wpf\receiver\debug\receiver.tlog\link.write.1.tlog
