d:\project4\server\client1\debug\vc120.pdb
d:\project4\server\client1\debug\vc120.idb
d:\project4\server\client1\debug\apphelpers.obj
d:\project4\server\client1\debug\blockingqueue.obj
d:\project4\server\client1\debug\display.obj
d:\project4\server\client1\debug\filesystem.obj
d:\project4\server\client1\debug\message.obj
d:\project4\server\client1\debug\receiver.obj
d:\project4\server\client1\debug\sender.obj
d:\project4\server\client1\debug\sockets.obj
d:\project4\server\client1\debug\client1.obj
d:\project4\server\debug\client1.ilk
d:\project4\server\debug\client1.exe
d:\project4\server\debug\client1.pdb
d:\project4\server\client1\debug\client1.tlog\cl.command.1.tlog
d:\project4\server\client1\debug\client1.tlog\cl.read.1.tlog
d:\project4\server\client1\debug\client1.tlog\cl.write.1.tlog
d:\project4\server\client1\debug\client1.tlog\link.command.1.tlog
d:\project4\server\client1\debug\client1.tlog\link.read.1.tlog
d:\project4\server\client1\debug\client1.tlog\link.write.1.tlog
