Build started 4/28/2015 11:48:08 PM.
     1>Project "D:\Project4\Server\Sender\Sender.vcxproj" on node 2 (Rebuild target(s)).
     1>ClCompile:
         C:\Program Files (x86)\Microsoft Visual Studio 12.0\VC\bin\CL.exe /c /ZI /nologo /W3 /WX- /sdl /Od /Oy- /D WIN32 /D _DEBUG /D _CONSOLE /D _LIB /D _UNICODE /D UNICODE /D TEST_SENDER /Gm /EHsc /RTC1 /MDd /GS /fp:precise /Zc:wchar_t /Zc:forScope /Fo"Debug\\" /Fd"Debug\vc120.pdb" /Gd /TP /analyze- /errorReport:prompt ..\ApplicationHelpers\AppHelpers.cpp ..\BlockingQueue\BlockingQueue.cpp ..\Display\Display.cpp ..\FileSystem\FileSystem.cpp ..\Message\Message.cpp ..\Sockets\Sockets.cpp Sender.cpp
         Sender.cpp
         Sockets.cpp
         Message.cpp
         FileSystem.cpp
         Display.cpp
         BlockingQueue.cpp
         AppHelpers.cpp
         Generating Code...
       Link:
         C:\Program Files (x86)\Microsoft Visual Studio 12.0\VC\bin\link.exe /ERRORREPORT:PROMPT /OUT:"D:\Project4\Server\Debug\Sender.exe" /INCREMENTAL /NOLOGO kernel32.lib user32.lib gdi32.lib winspool.lib comdlg32.lib advapi32.lib shell32.lib ole32.lib oleaut32.lib uuid.lib odbc32.lib odbccp32.lib /MANIFEST /MANIFESTUAC:"level='asInvoker' uiAccess='false'" /manifest:embed /DEBUG /PDB:"D:\Project4\Server\Debug\Sender.pdb" /SUBSYSTEM:CONSOLE /TLBID:1 /DYNAMICBASE /NXCOMPAT /IMPLIB:"D:\Project4\Server\Debug\Sender.lib" /MACHINE:X86 Debug\AppHelpers.obj
         Debug\BlockingQueue.obj
         Debug\Display.obj
         Debug\FileSystem.obj
         Debug\Message.obj
         Debug\Sockets.obj
         Debug\Sender.obj
         Sender.vcxproj -> D:\Project4\Server\Debug\Sender.exe
     1>Done Building Project "D:\Project4\Server\Sender\Sender.vcxproj" (Rebuild target(s)).

Build succeeded.

Time Elapsed 00:00:24.60
